<?xml version="1.0" encoding="UTF-8"?>
<!-- Generated by org.testng.reporters.JUnitReportReporter -->
<testsuite hostname="Bala" failures="0" tests="3" name="com.testng.feature.DataProviderPractice" time="0.008" errors="0" timestamp="2023-03-22T14:55:01 IST" skipped="0">
  <testcase classname="com.testng.feature.DataProviderPractice" name="login" time="0.006"/>
  <system-out/>
  <testcase classname="com.testng.feature.DataProviderPractice" name="login" time="0.001"/>
  <system-out/>
  <testcase classname="com.testng.feature.DataProviderPractice" name="login" time="0.001"/>
  <system-out/>
</testsuite> <!-- com.testng.feature.DataProviderPractice -->
