<?xml version="1.0" encoding="UTF-8"?>
<!-- Generated by org.testng.reporters.JUnitReportReporter -->
<testsuite hostname="Bala" failures="0" tests="1" name="com.testng.feature.Parameter" time="0.012" errors="0" timestamp="2022-11-29T19:18:30 IST" skipped="0">
  <testcase classname="com.testng.feature.Parameter" name="login" time="0.012"/>
  <system-out/>
</testsuite> <!-- com.testng.feature.Parameter -->
