<?xml version="1.0" encoding="UTF-8"?>
<!-- Generated by org.testng.reporters.JUnitReportReporter -->
<testsuite hostname="Bala" failures="0" tests="5" name="com.testng.feature.IgnoreConcepts" time="0.012" errors="0" timestamp="2022-11-28T20:23:26 IST" skipped="1">
  <testcase classname="com.testng.feature.IgnoreConcepts" name="potato" time="0.001"/>
  <system-out/>
  <testcase classname="com.testng.feature.IgnoreConcepts" name="tangrine" time="0.001"/>
  <system-out/>
  <testcase classname="com.testng.feature.IgnoreConcepts" name="orange" time="0.001"/>
  <system-out/>
  <testcase classname="com.testng.feature.IgnoreConcepts" name="clementine" time="0.009"/>
  <system-out/>
  <testcase classname="com.testng.feature.IgnoreConcepts" name="radish">
    <skipped/>
  </testcase> <!-- radish -->
  <system-out/>
</testsuite> <!-- com.testng.feature.IgnoreConcepts -->
