<?xml version="1.0" encoding="UTF-8"?>
<!-- Generated by org.testng.reporters.JUnitReportReporter -->
<testsuite hostname="Bala" failures="0" tests="5" name="com.testng.feature.SimpleAnnotation" time="0.020" errors="0" timestamp="2022-11-28T19:24:33 IST" skipped="0">
  <testcase classname="com.testng.feature.SimpleAnnotation" name="women" time="0.008"/>
  <system-out/>
  <testcase classname="com.testng.feature.SimpleAnnotation" name="infants" time="0.004"/>
  <system-out/>
  <testcase classname="com.testng.feature.SimpleAnnotation" name="kids" time="0.003"/>
  <system-out/>
  <testcase classname="com.testng.feature.SimpleAnnotation" name="kids" time="0.003"/>
  <system-out/>
  <testcase classname="com.testng.feature.SimpleAnnotation" name="kids" time="0.002"/>
  <system-out/>
</testsuite> <!-- com.testng.feature.SimpleAnnotation -->
