<?xml version="1.0" encoding="UTF-8"?>
<!-- Generated by org.testng.reporters.JUnitReportReporter -->
<testsuite hostname="Bala" failures="0" tests="1" name="com.testng.feature.Timeout" time="3.047" errors="0" timestamp="2022-11-28T21:06:01 IST" skipped="0">
  <testcase classname="com.testng.feature.Timeout" name="login" time="3.047"/>
  <system-out/>
</testsuite> <!-- com.testng.feature.Timeout -->
