<?xml version="1.0" encoding="UTF-8"?>
<!-- Generated by org.testng.reporters.JUnitReportReporter -->
<testsuite hostname="Bala" failures="0" tests="6" name="com.testng.feature.Grouping" time="0.013" errors="0" timestamp="2022-11-28T20:50:26 IST" skipped="0">
  <testcase classname="com.testng.feature.Grouping" name="carrot" time="0.008"/>
  <system-out/>
  <testcase classname="com.testng.feature.Grouping" name="radish" time="0.000"/>
  <system-out/>
  <testcase classname="com.testng.feature.Grouping" name="potato" time="0.001"/>
  <system-out/>
  <testcase classname="com.testng.feature.Grouping" name="orange" time="0.001"/>
  <system-out/>
  <testcase classname="com.testng.feature.Grouping" name="clementine" time="0.001"/>
  <system-out/>
  <testcase classname="com.testng.feature.Grouping" name="tangrine" time="0.002"/>
  <system-out/>
</testsuite> <!-- com.testng.feature.Grouping -->
