<?xml version="1.0" encoding="UTF-8"?>
<!-- Generated by org.testng.reporters.JUnitReportReporter -->
<testsuite hostname="Bala" failures="0" tests="2" name="com.testng.feature.Dependency" time="0.008" errors="0" timestamp="2022-11-28T20:57:27 IST" skipped="0">
  <testcase classname="com.testng.feature.Dependency" name="LoginDetails" time="0.007"/>
  <system-out/>
  <testcase classname="com.testng.feature.Dependency" name="Login" time="0.001"/>
  <system-out/>
</testsuite> <!-- com.testng.feature.Dependency -->
